[13:14:06] [ServerMain/INFO]: Building unoptimized datafixer
[13:14:08] [ServerMain/INFO]: Environment: authHost='https://authserver.mojang.com', accountsHost='https://api.mojang.com', sessionHost='https://sessionserver.mojang.com', servicesHost='https://api.minecraftservices.com', name='PROD'
[13:14:12] [ServerMain/INFO]: Loaded 7 recipes
[13:14:13] [ServerMain/INFO]: Loaded 1179 advancements
[13:14:16] [Server thread/INFO]: Starting minecraft server version 1.19
[13:14:16] [Server thread/INFO]: Loading properties
[13:14:16] [Server thread/INFO]: Default game type: SURVIVAL
[13:14:16] [Server thread/INFO]: Generating keypair
[13:14:16] [Server thread/INFO]: Starting Minecraft server on 192.168.0.23:25565
[13:14:16] [Server thread/INFO]: Using default channel type
[13:14:16] [Server thread/WARN]: **** SERVER IS RUNNING IN OFFLINE/INSECURE MODE!
[13:14:16] [Server thread/WARN]: The server will make no attempt to authenticate usernames. Beware.
[13:14:16] [Server thread/WARN]: While this makes the game possible to play without internet access, it also opens up the ability for hackers to connect with any username they choose.
[13:14:16] [Server thread/WARN]: To change this, set "online-mode" to "true" in the server.properties file.
[13:14:16] [Server thread/INFO]: Preparing level "world"
[13:14:17] [Server thread/INFO]: Preparing start region for dimension minecraft:overworld
[13:14:24] [Worker-Main-1/INFO]: Preparing spawn area: 0%
[13:14:25] [Worker-Main-1/INFO]: Preparing spawn area: 0%
[13:14:25] [Worker-Main-1/INFO]: Preparing spawn area: 0%
[13:14:25] [Worker-Main-1/INFO]: Preparing spawn area: 0%
[13:14:25] [Worker-Main-1/INFO]: Preparing spawn area: 0%
[13:14:25] [Worker-Main-1/INFO]: Preparing spawn area: 0%
[13:14:25] [Worker-Main-1/INFO]: Preparing spawn area: 0%
[13:14:25] [Worker-Main-1/INFO]: Preparing spawn area: 0%
[13:14:25] [Worker-Main-1/INFO]: Preparing spawn area: 0%
[13:14:25] [Worker-Main-1/INFO]: Preparing spawn area: 0%
[13:14:26] [Worker-Main-1/INFO]: Preparing spawn area: 0%
[13:14:26] [Worker-Main-1/INFO]: Preparing spawn area: 0%
[13:14:26] [Worker-Main-1/INFO]: Preparing spawn area: 0%
[13:14:26] [Worker-Main-1/INFO]: Preparing spawn area: 0%
[13:14:26] [Worker-Main-1/INFO]: Preparing spawn area: 0%
[13:14:26] [Worker-Main-1/INFO]: Preparing spawn area: 0%
[13:14:26] [Worker-Main-1/INFO]: Preparing spawn area: 0%
[13:14:26] [Worker-Main-1/INFO]: Preparing spawn area: 0%
[13:14:26] [Worker-Main-1/INFO]: Preparing spawn area: 0%
[13:14:26] [Worker-Main-1/INFO]: Preparing spawn area: 0%
[13:14:27] [Worker-Main-1/INFO]: Preparing spawn area: 0%
[13:14:27] [Worker-Main-1/INFO]: Preparing spawn area: 0%
[13:14:28] [Worker-Main-1/INFO]: Preparing spawn area: 0%
[13:14:28] [Worker-Main-1/INFO]: Preparing spawn area: 0%
[13:14:29] [Worker-Main-1/INFO]: Preparing spawn area: 0%
[13:14:29] [Worker-Main-1/INFO]: Preparing spawn area: 0%
[13:14:52] [Worker-Main-2/INFO]: Preparing spawn area: 0%
[13:14:52] [Worker-Main-1/INFO]: Preparing spawn area: 0%
[13:14:52] [Worker-Main-1/INFO]: Preparing spawn area: 0%
[13:14:52] [Worker-Main-1/INFO]: Preparing spawn area: 0%
[13:14:52] [Worker-Main-1/INFO]: Preparing spawn area: 0%
[13:14:52] [Worker-Main-1/INFO]: Preparing spawn area: 0%
[13:14:52] [Worker-Main-2/INFO]: Preparing spawn area: 0%
[13:14:52] [Worker-Main-2/INFO]: Preparing spawn area: 0%
[13:14:52] [Worker-Main-2/INFO]: Preparing spawn area: 0%
[13:14:52] [Worker-Main-2/INFO]: Preparing spawn area: 0%
[13:14:52] [Worker-Main-2/INFO]: Preparing spawn area: 0%
[13:14:52] [Worker-Main-2/INFO]: Preparing spawn area: 0%
[13:14:52] [Worker-Main-2/INFO]: Preparing spawn area: 0%
[13:14:52] [Worker-Main-2/INFO]: Preparing spawn area: 0%
[13:14:52] [Worker-Main-2/INFO]: Preparing spawn area: 0%
[13:14:52] [Worker-Main-2/INFO]: Preparing spawn area: 0%
[13:14:52] [Worker-Main-2/INFO]: Preparing spawn area: 0%
[13:14:52] [Worker-Main-2/INFO]: Preparing spawn area: 0%
[13:14:52] [Worker-Main-2/INFO]: Preparing spawn area: 0%
[13:14:52] [Worker-Main-2/INFO]: Preparing spawn area: 0%
[13:14:52] [Worker-Main-2/INFO]: Preparing spawn area: 0%
[13:14:52] [Worker-Main-2/INFO]: Preparing spawn area: 0%
[13:14:52] [Worker-Main-2/INFO]: Preparing spawn area: 0%
[13:14:52] [Worker-Main-2/INFO]: Preparing spawn area: 0%
[13:14:52] [Worker-Main-2/INFO]: Preparing spawn area: 0%
[13:14:52] [Worker-Main-2/INFO]: Preparing spawn area: 0%
[13:14:52] [Worker-Main-1/INFO]: Preparing spawn area: 0%
[13:14:52] [Worker-Main-1/INFO]: Preparing spawn area: 0%
[13:14:52] [Worker-Main-1/INFO]: Preparing spawn area: 0%
[13:14:52] [Worker-Main-1/INFO]: Preparing spawn area: 0%
[13:14:52] [Worker-Main-1/INFO]: Preparing spawn area: 0%
[13:14:52] [Worker-Main-1/INFO]: Preparing spawn area: 0%
[13:14:52] [Worker-Main-1/INFO]: Preparing spawn area: 0%
[13:14:52] [Worker-Main-1/INFO]: Preparing spawn area: 0%
[13:14:52] [Worker-Main-1/INFO]: Preparing spawn area: 0%
[13:14:52] [Worker-Main-1/INFO]: Preparing spawn area: 0%
[13:14:52] [Worker-Main-1/INFO]: Preparing spawn area: 0%
[13:14:52] [Worker-Main-1/INFO]: Preparing spawn area: 0%
[13:14:52] [Worker-Main-1/INFO]: Preparing spawn area: 0%
[13:14:52] [Worker-Main-1/INFO]: Preparing spawn area: 0%
[13:14:52] [Worker-Main-1/INFO]: Preparing spawn area: 0%
[13:14:52] [Worker-Main-1/INFO]: Preparing spawn area: 0%
[13:14:52] [Worker-Main-1/INFO]: Preparing spawn area: 0%
[13:14:52] [Worker-Main-1/INFO]: Preparing spawn area: 0%
[13:14:52] [Worker-Main-1/INFO]: Preparing spawn area: 0%
[13:14:52] [Worker-Main-1/INFO]: Preparing spawn area: 13%
[13:14:53] [Worker-Main-2/INFO]: Preparing spawn area: 53%
[13:14:53] [Worker-Main-2/INFO]: Preparing spawn area: 70%
[13:14:54] [Worker-Main-2/INFO]: Preparing spawn area: 81%
[13:14:54] [Worker-Main-2/INFO]: Preparing spawn area: 92%
[13:14:54] [Server thread/INFO]: Time elapsed: 37648 ms
[13:14:54] [Server thread/INFO]: Done (38.115s)! For help, type "help"
[13:18:49] [Server thread/INFO]: mehLabs[/181.167.47.75:55408] logged in with entity id 134 at (-182.5, 179.0, 522.5)
[13:18:49] [Server thread/INFO]: mehLabs joined the game
[13:18:52] [Server thread/WARN]: Can't keep up! Is the server overloaded? Running 4057ms or 81 ticks behind
[13:19:05] [Server thread/INFO]: mehLabs lost connection: Disconnected
[13:19:05] [Server thread/INFO]: mehLabs left the game
[13:21:40] [Server thread/INFO]: Stopping server
[13:21:40] [Server thread/INFO]: Saving players
[13:21:40] [Server thread/INFO]: Saving worlds
[13:21:42] [Server thread/INFO]: Saving chunks for level 'ServerLevel[world]'/minecraft:overworld
[13:21:44] [Server thread/INFO]: Saving chunks for level 'ServerLevel[world]'/minecraft:the_nether
[13:21:44] [Server thread/INFO]: Saving chunks for level 'ServerLevel[world]'/minecraft:the_end
[13:21:44] [Server thread/INFO]: ThreadedAnvilChunkStorage (world): All chunks are saved
[13:21:44] [Server thread/INFO]: ThreadedAnvilChunkStorage (DIM-1): All chunks are saved
[13:21:44] [Server thread/INFO]: ThreadedAnvilChunkStorage (DIM1): All chunks are saved
[13:21:44] [Server thread/INFO]: ThreadedAnvilChunkStorage: All dimensions are saved
